<?xml version="1.0" encoding="UTF-8"?>
<!-- Generated by org.testng.reporters.JUnitReportReporter -->
<testsuite hostname="DESKTOP-PQGUROA" failures="0" tests="1" name="org.example.ChromeStandaloneTest1" time="13.270" errors="0" timestamp="2022-10-23T19:41:20 IST" skipped="0">
  <testcase classname="org.example.ChromeStandaloneTest1" name="test2" time="13.270"/>
  <system-out/>
</testsuite> <!-- org.example.ChromeStandaloneTest1 -->
